2020-11-19 08:16:04,807 [Worker-1: Loading available Gradle versions] INFO  o.e.b.c.i.u.g.PublishedGradleVersions - Gradle version information cache is out-of-date. Trying to update.
2020-11-19 08:21:06,736 [Worker-6: Importing Maven projects] INFO  o.e.m.c.i.l.LifecycleMappingFactory - Using org.eclipse.m2e.jdt.JarLifecycleMapping lifecycle mapping for MavenProject: com.revature:HibernateExample:0.0.1-SNAPSHOT @ C:\Users\SophieGavrila\Desktop\HIBERNATE\hibernate-team-master\hibernate-trainer-examples\steven-hibernate\HibernateBankExample\pom.xml.
2020-11-19 08:21:06,857 [Worker-6: Importing Maven projects] INFO  o.e.m.c.i.l.LifecycleMappingFactory - Using org.eclipse.m2e.jdt.JarLifecycleMapping lifecycle mapping for MavenProject: com.revature:HibernateFlashCardJar:0.0.1-SNAPSHOT @ C:\Users\SophieGavrila\Desktop\HIBERNATE\hibernate-team-master\hibernate-trainer-examples\steven-hibernate\HibernateFlashCardJar\pom.xml.
2020-11-19 08:21:06,902 [Worker-6: Importing Maven projects] INFO  o.e.m.c.i.l.LifecycleMappingFactory - Using org.eclipse.m2e.jdt.JarLifecycleMapping lifecycle mapping for MavenProject: com.revature.hibernate:Hibernate:0.0.1-SNAPSHOT @ C:\Users\SophieGavrila\Desktop\HIBERNATE\hibernate-team-master\hibernate-trainer-examples\mitch-hibernate\Hibernate\pom.xml.
2020-11-19 08:21:06,978 [Worker-6: Importing Maven projects] INFO  o.e.m.c.i.l.LifecycleMappingFactory - Using org.eclipse.m2e.jdt.JarLifecycleMapping lifecycle mapping for MavenProject: com.example:HibernateBearsDemo:0.0.1-SNAPSHOT @ C:\Users\SophieGavrila\Desktop\HIBERNATE\hibernate-team-master\hibernate-trainer-examples\steven-hibernate\HibernateBearsDemo\pom.xml.
2020-11-19 08:21:07,014 [Worker-6: Importing Maven projects] INFO  o.e.m.c.i.l.LifecycleMappingFactory - Using org.eclipse.m2e.jdt.JarLifecycleMapping lifecycle mapping for MavenProject: com.revature:HibernateSample:0.0.1-SNAPSHOT @ C:\Users\SophieGavrila\Desktop\HIBERNATE\hibernate-team-master\hibernate-trainer-examples\peter-hibernate\examples\HibernateSample\pom.xml.
2020-11-19 08:21:07,018 [Worker-6: Importing Maven projects] WARN  o.e.m.c.i.embedder.EclipseLogger - The POM for com.oracle:ojdbc7:jar:12.1.0 is missing, no dependency information available
2020-11-19 08:21:07,088 [Worker-6: Importing Maven projects] INFO  o.e.m.c.i.l.LifecycleMappingFactory - Using org.eclipse.m2e.jdt.JarLifecycleMapping lifecycle mapping for MavenProject: com.example:HelloHibernate:0.0.1-SNAPSHOT @ C:\Users\SophieGavrila\Desktop\HIBERNATE\hibernate-team-master\hibernate-trainer-examples\trevin-hibernate\HelloHibernate\pom.xml.
2020-11-19 08:21:08,720 [Worker-6: Importing Maven projects] INFO  o.e.m.j.i.AbstractJavaProjectConfigurator - Adding source folder /HelloHibernate/src/main/java
2020-11-19 08:21:08,721 [Worker-6: Importing Maven projects] INFO  o.e.m.j.i.AbstractJavaProjectConfigurator - Adding resource folder /HelloHibernate/src/main/resources
2020-11-19 08:21:08,722 [Worker-6: Importing Maven projects] INFO  o.e.m.j.i.AbstractJavaProjectConfigurator - Adding source folder /HelloHibernate/src/test/java
2020-11-19 08:21:08,924 [Worker-6: Importing Maven projects] INFO  o.e.m.j.i.AbstractJavaProjectConfigurator - Adding source folder /Hibernate/src/main/java
2020-11-19 08:21:08,924 [Worker-6: Importing Maven projects] INFO  o.e.m.j.i.AbstractJavaProjectConfigurator - Adding resource folder /Hibernate/src/main/resources
2020-11-19 08:21:08,925 [Worker-6: Importing Maven projects] INFO  o.e.m.j.i.AbstractJavaProjectConfigurator - Adding source folder /Hibernate/src/test/java
2020-11-19 08:21:09,146 [Worker-6: Importing Maven projects] INFO  o.e.m.j.i.AbstractJavaProjectConfigurator - Adding source folder /HibernateBearsDemo/src/main/java
2020-11-19 08:21:09,147 [Worker-6: Importing Maven projects] INFO  o.e.m.j.i.AbstractJavaProjectConfigurator - Adding resource folder /HibernateBearsDemo/src/main/resources
2020-11-19 08:21:09,160 [Worker-6: Importing Maven projects] INFO  o.e.m.j.i.AbstractJavaProjectConfigurator - Adding source folder /HibernateBearsDemo/src/test/java
2020-11-19 08:21:09,346 [Worker-6: Importing Maven projects] INFO  o.e.m.j.i.AbstractJavaProjectConfigurator - Adding source folder /HibernateExample/src/main/java
2020-11-19 08:21:09,346 [Worker-6: Importing Maven projects] INFO  o.e.m.j.i.AbstractJavaProjectConfigurator - Adding resource folder /HibernateExample/src/main/resources
2020-11-19 08:21:09,347 [Worker-6: Importing Maven projects] INFO  o.e.m.j.i.AbstractJavaProjectConfigurator - Adding source folder /HibernateExample/src/test/java
2020-11-19 08:21:09,519 [Worker-6: Importing Maven projects] INFO  o.e.m.j.i.AbstractJavaProjectConfigurator - Adding source folder /HibernateSample/src/main/java
2020-11-19 08:21:09,520 [Worker-6: Importing Maven projects] INFO  o.e.m.j.i.AbstractJavaProjectConfigurator - Adding resource folder /HibernateSample/src/main/resources
2020-11-19 08:21:09,520 [Worker-6: Importing Maven projects] INFO  o.e.m.j.i.AbstractJavaProjectConfigurator - Adding source folder /HibernateSample/src/test/java
2020-11-19 08:21:09,689 [Worker-6: Importing Maven projects] INFO  o.e.m.j.i.AbstractJavaProjectConfigurator - Adding source folder /HibernateFlashCardJar/src/main/java
2020-11-19 08:21:09,689 [Worker-6: Importing Maven projects] INFO  o.e.m.j.i.AbstractJavaProjectConfigurator - Adding resource folder /HibernateFlashCardJar/src/main/resources
2020-11-19 08:21:09,690 [Worker-6: Importing Maven projects] INFO  o.e.m.j.i.AbstractJavaProjectConfigurator - Adding source folder /HibernateFlashCardJar/src/test/java
2020-11-19 08:21:09,818 [Worker-6: Importing Maven projects] INFO  o.e.m.c.i.p.ProjectConfigurationManager - Imported and configured 6 project(s) in 4 sec
2020-11-19 08:21:10,949 [Worker-10: Building] WARN  o.e.m.c.i.embedder.EclipseLogger - Using platform encoding (Cp1252 actually) to copy filtered resources, i.e. build is platform dependent!
2020-11-19 08:21:10,953 [Worker-10: Building] INFO  o.e.m.c.i.embedder.EclipseLogger - Copying 2 resources
2020-11-19 08:21:10,966 [Worker-10: Building] WARN  o.e.m.c.i.embedder.EclipseLogger - Using platform encoding (Cp1252 actually) to copy filtered resources, i.e. build is platform dependent!
2020-11-19 08:21:10,967 [Worker-10: Building] INFO  o.e.m.c.i.embedder.EclipseLogger - skip non existing resourceDirectory C:\Users\SophieGavrila\Desktop\HIBERNATE\hibernate-team-master\hibernate-trainer-examples\trevin-hibernate\HelloHibernate\src\test\resources
2020-11-19 08:21:11,219 [Worker-10: Building] WARN  o.e.m.c.i.embedder.EclipseLogger - Using platform encoding (Cp1252 actually) to copy filtered resources, i.e. build is platform dependent!
2020-11-19 08:21:11,221 [Worker-10: Building] INFO  o.e.m.c.i.embedder.EclipseLogger - Copying 1 resource
2020-11-19 08:21:11,225 [Worker-10: Building] WARN  o.e.m.c.i.embedder.EclipseLogger - Using platform encoding (Cp1252 actually) to copy filtered resources, i.e. build is platform dependent!
2020-11-19 08:21:11,226 [Worker-10: Building] INFO  o.e.m.c.i.embedder.EclipseLogger - skip non existing resourceDirectory C:\Users\SophieGavrila\Desktop\HIBERNATE\hibernate-team-master\hibernate-trainer-examples\mitch-hibernate\Hibernate\src\test\resources
2020-11-19 08:21:11,437 [Worker-10: Building] INFO  o.e.m.c.i.embedder.EclipseLogger - Using 'UTF-8' encoding to copy filtered resources.
2020-11-19 08:21:11,438 [Worker-10: Building] INFO  o.e.m.c.i.embedder.EclipseLogger - Copying 2 resources
2020-11-19 08:21:11,444 [Worker-10: Building] INFO  o.e.m.c.i.embedder.EclipseLogger - Using 'UTF-8' encoding to copy filtered resources.
2020-11-19 08:21:11,445 [Worker-10: Building] INFO  o.e.m.c.i.embedder.EclipseLogger - skip non existing resourceDirectory C:\Users\SophieGavrila\Desktop\HIBERNATE\hibernate-team-master\hibernate-trainer-examples\steven-hibernate\HibernateBearsDemo\src\test\resources
2020-11-19 08:21:11,616 [Worker-10: Building] WARN  o.e.m.c.i.embedder.EclipseLogger - Using platform encoding (Cp1252 actually) to copy filtered resources, i.e. build is platform dependent!
2020-11-19 08:21:11,618 [Worker-10: Building] INFO  o.e.m.c.i.embedder.EclipseLogger - Copying 2 resources
2020-11-19 08:21:11,625 [Worker-10: Building] WARN  o.e.m.c.i.embedder.EclipseLogger - Using platform encoding (Cp1252 actually) to copy filtered resources, i.e. build is platform dependent!
2020-11-19 08:21:11,627 [Worker-10: Building] INFO  o.e.m.c.i.embedder.EclipseLogger - skip non existing resourceDirectory C:\Users\SophieGavrila\Desktop\HIBERNATE\hibernate-team-master\hibernate-trainer-examples\steven-hibernate\HibernateBankExample\src\test\resources
2020-11-19 08:21:11,815 [Worker-10: Building] WARN  o.e.m.c.i.embedder.EclipseLogger - Using platform encoding (Cp1252 actually) to copy filtered resources, i.e. build is platform dependent!
2020-11-19 08:21:11,817 [Worker-10: Building] INFO  o.e.m.c.i.embedder.EclipseLogger - Copying 1 resource
2020-11-19 08:21:11,821 [Worker-10: Building] WARN  o.e.m.c.i.embedder.EclipseLogger - Using platform encoding (Cp1252 actually) to copy filtered resources, i.e. build is platform dependent!
2020-11-19 08:21:11,822 [Worker-10: Building] INFO  o.e.m.c.i.embedder.EclipseLogger - skip non existing resourceDirectory C:\Users\SophieGavrila\Desktop\HIBERNATE\hibernate-team-master\hibernate-trainer-examples\steven-hibernate\HibernateFlashCardJar\src\test\resources
2020-11-19 08:21:11,853 [Worker-10: Building] WARN  o.e.m.c.i.embedder.EclipseLogger - The POM for com.oracle:ojdbc7:jar:12.1.0 is missing, no dependency information available
2020-11-19 08:21:11,946 [Worker-10: Building] WARN  o.e.m.c.i.embedder.EclipseLogger - Using platform encoding (Cp1252 actually) to copy filtered resources, i.e. build is platform dependent!
2020-11-19 08:21:11,948 [Worker-10: Building] INFO  o.e.m.c.i.embedder.EclipseLogger - Copying 5 resources
2020-11-19 08:21:11,966 [Worker-10: Building] WARN  o.e.m.c.i.embedder.EclipseLogger - Using platform encoding (Cp1252 actually) to copy filtered resources, i.e. build is platform dependent!
2020-11-19 08:21:11,967 [Worker-10: Building] INFO  o.e.m.c.i.embedder.EclipseLogger - skip non existing resourceDirectory C:\Users\SophieGavrila\Desktop\HIBERNATE\hibernate-team-master\hibernate-trainer-examples\peter-hibernate\examples\HibernateSample\src\test\resources
2020-11-19 08:21:16,887 [Worker-11: Building] WARN  o.e.m.c.i.embedder.EclipseLogger - Using platform encoding (Cp1252 actually) to copy filtered resources, i.e. build is platform dependent!
2020-11-19 08:21:16,889 [Worker-11: Building] INFO  o.e.m.c.i.embedder.EclipseLogger - Copying 0 resource
2020-11-19 08:21:16,890 [Worker-11: Building] WARN  o.e.m.c.i.embedder.EclipseLogger - Using platform encoding (Cp1252 actually) to copy filtered resources, i.e. build is platform dependent!
2020-11-19 08:21:16,891 [Worker-11: Building] INFO  o.e.m.c.i.embedder.EclipseLogger - skip non existing resourceDirectory C:\Users\SophieGavrila\Desktop\HIBERNATE\hibernate-team-master\hibernate-trainer-examples\trevin-hibernate\HelloHibernate\src\test\resources
2020-11-19 08:21:16,983 [Worker-11: Building] WARN  o.e.m.c.i.embedder.EclipseLogger - Using platform encoding (Cp1252 actually) to copy filtered resources, i.e. build is platform dependent!
2020-11-19 08:21:16,985 [Worker-11: Building] INFO  o.e.m.c.i.embedder.EclipseLogger - Copying 0 resource
2020-11-19 08:21:16,987 [Worker-11: Building] WARN  o.e.m.c.i.embedder.EclipseLogger - Using platform encoding (Cp1252 actually) to copy filtered resources, i.e. build is platform dependent!
2020-11-19 08:21:16,988 [Worker-11: Building] INFO  o.e.m.c.i.embedder.EclipseLogger - skip non existing resourceDirectory C:\Users\SophieGavrila\Desktop\HIBERNATE\hibernate-team-master\hibernate-trainer-examples\mitch-hibernate\Hibernate\src\test\resources
2020-11-19 08:21:17,079 [Worker-11: Building] INFO  o.e.m.c.i.embedder.EclipseLogger - Using 'UTF-8' encoding to copy filtered resources.
2020-11-19 08:21:17,080 [Worker-11: Building] INFO  o.e.m.c.i.embedder.EclipseLogger - Copying 0 resource
2020-11-19 08:21:17,081 [Worker-11: Building] INFO  o.e.m.c.i.embedder.EclipseLogger - Using 'UTF-8' encoding to copy filtered resources.
2020-11-19 08:21:17,081 [Worker-11: Building] INFO  o.e.m.c.i.embedder.EclipseLogger - skip non existing resourceDirectory C:\Users\SophieGavrila\Desktop\HIBERNATE\hibernate-team-master\hibernate-trainer-examples\steven-hibernate\HibernateBearsDemo\src\test\resources
2020-11-19 08:21:17,173 [Worker-11: Building] WARN  o.e.m.c.i.embedder.EclipseLogger - Using platform encoding (Cp1252 actually) to copy filtered resources, i.e. build is platform dependent!
2020-11-19 08:21:17,174 [Worker-11: Building] INFO  o.e.m.c.i.embedder.EclipseLogger - Copying 0 resource
2020-11-19 08:21:17,176 [Worker-11: Building] WARN  o.e.m.c.i.embedder.EclipseLogger - Using platform encoding (Cp1252 actually) to copy filtered resources, i.e. build is platform dependent!
2020-11-19 08:21:17,177 [Worker-11: Building] INFO  o.e.m.c.i.embedder.EclipseLogger - skip non existing resourceDirectory C:\Users\SophieGavrila\Desktop\HIBERNATE\hibernate-team-master\hibernate-trainer-examples\steven-hibernate\HibernateBankExample\src\test\resources
2020-11-19 08:21:17,268 [Worker-11: Building] WARN  o.e.m.c.i.embedder.EclipseLogger - Using platform encoding (Cp1252 actually) to copy filtered resources, i.e. build is platform dependent!
2020-11-19 08:21:17,270 [Worker-11: Building] INFO  o.e.m.c.i.embedder.EclipseLogger - Copying 0 resource
2020-11-19 08:21:17,271 [Worker-11: Building] WARN  o.e.m.c.i.embedder.EclipseLogger - Using platform encoding (Cp1252 actually) to copy filtered resources, i.e. build is platform dependent!
2020-11-19 08:21:17,272 [Worker-11: Building] INFO  o.e.m.c.i.embedder.EclipseLogger - skip non existing resourceDirectory C:\Users\SophieGavrila\Desktop\HIBERNATE\hibernate-team-master\hibernate-trainer-examples\steven-hibernate\HibernateFlashCardJar\src\test\resources
2020-11-19 08:21:17,285 [Worker-11: Building] WARN  o.e.m.c.i.embedder.EclipseLogger - The POM for com.oracle:ojdbc7:jar:12.1.0 is missing, no dependency information available
2020-11-19 08:21:17,382 [Worker-11: Building] WARN  o.e.m.c.i.embedder.EclipseLogger - Using platform encoding (Cp1252 actually) to copy filtered resources, i.e. build is platform dependent!
2020-11-19 08:21:17,384 [Worker-11: Building] INFO  o.e.m.c.i.embedder.EclipseLogger - Copying 0 resource
2020-11-19 08:21:17,385 [Worker-11: Building] WARN  o.e.m.c.i.embedder.EclipseLogger - Using platform encoding (Cp1252 actually) to copy filtered resources, i.e. build is platform dependent!
2020-11-19 08:21:17,386 [Worker-11: Building] INFO  o.e.m.c.i.embedder.EclipseLogger - skip non existing resourceDirectory C:\Users\SophieGavrila\Desktop\HIBERNATE\hibernate-team-master\hibernate-trainer-examples\peter-hibernate\examples\HibernateSample\src\test\resources
2020-11-19 08:44:11,643 [Worker-16: Building] WARN  o.e.m.c.i.embedder.EclipseLogger - Using platform encoding (Cp1252 actually) to copy filtered resources, i.e. build is platform dependent!
2020-11-19 08:44:11,652 [Worker-16: Building] INFO  o.e.m.c.i.embedder.EclipseLogger - Copying 1 resource
2020-11-19 08:44:11,655 [Worker-16: Building] WARN  o.e.m.c.i.embedder.EclipseLogger - Using platform encoding (Cp1252 actually) to copy filtered resources, i.e. build is platform dependent!
2020-11-19 08:44:11,657 [Worker-16: Building] INFO  o.e.m.c.i.embedder.EclipseLogger - skip non existing resourceDirectory C:\Users\SophieGavrila\Desktop\HIBERNATE\hibernate-team-master\hibernate-trainer-examples\mitch-hibernate\Hibernate\src\test\resources
2020-11-19 08:44:12,124 [Worker-16: Building] INFO  o.e.m.c.i.l.LifecycleMappingFactory - Using org.eclipse.m2e.jdt.JarLifecycleMapping lifecycle mapping for MavenProject: com.revature:HibernateSample:0.0.1-SNAPSHOT @ C:\Users\SophieGavrila\Desktop\HIBERNATE\hibernate-team-master\hibernate-trainer-examples\peter-hibernate\examples\HibernateSample\pom.xml.
2020-11-19 08:44:12,126 [Worker-16: Building] WARN  o.e.m.c.i.embedder.EclipseLogger - The POM for com.oracle:ojdbc7:jar:12.1.0 is missing, no dependency information available
2020-11-19 08:44:12,455 [Worker-16: Building] WARN  o.e.m.c.i.embedder.EclipseLogger - Using platform encoding (Cp1252 actually) to copy filtered resources, i.e. build is platform dependent!
2020-11-19 08:44:12,457 [Worker-16: Building] INFO  o.e.m.c.i.embedder.EclipseLogger - Copying 5 resources
2020-11-19 08:44:12,468 [Worker-16: Building] WARN  o.e.m.c.i.embedder.EclipseLogger - Using platform encoding (Cp1252 actually) to copy filtered resources, i.e. build is platform dependent!
2020-11-19 08:44:12,468 [Worker-16: Building] INFO  o.e.m.c.i.embedder.EclipseLogger - skip non existing resourceDirectory C:\Users\SophieGavrila\Desktop\HIBERNATE\hibernate-team-master\hibernate-trainer-examples\peter-hibernate\examples\HibernateSample\src\test\resources
2020-11-19 08:44:26,280 [Worker-18: Building] WARN  o.e.m.c.i.embedder.EclipseLogger - The POM for com.oracle:ojdbc7:jar:12.1.0 is missing, no dependency information available
2020-11-19 08:44:26,329 [Worker-18: Building] WARN  o.e.m.c.i.embedder.EclipseLogger - Using platform encoding (Cp1252 actually) to copy filtered resources, i.e. build is platform dependent!
2020-11-19 08:44:26,330 [Worker-18: Building] INFO  o.e.m.c.i.embedder.EclipseLogger - Copying 0 resource
2020-11-19 08:44:26,331 [Worker-18: Building] WARN  o.e.m.c.i.embedder.EclipseLogger - Using platform encoding (Cp1252 actually) to copy filtered resources, i.e. build is platform dependent!
2020-11-19 08:44:26,332 [Worker-18: Building] INFO  o.e.m.c.i.embedder.EclipseLogger - skip non existing resourceDirectory C:\Users\SophieGavrila\Desktop\HIBERNATE\hibernate-team-master\hibernate-trainer-examples\peter-hibernate\examples\HibernateSample\src\test\resources
2020-11-19 08:45:39,255 [Worker-17: Building] WARN  o.e.m.c.i.embedder.EclipseLogger - Using platform encoding (Cp1252 actually) to copy filtered resources, i.e. build is platform dependent!
2020-11-19 08:45:39,260 [Worker-17: Building] INFO  o.e.m.c.i.embedder.EclipseLogger - Copying 0 resource
2020-11-19 08:45:39,264 [Worker-17: Building] WARN  o.e.m.c.i.embedder.EclipseLogger - Using platform encoding (Cp1252 actually) to copy filtered resources, i.e. build is platform dependent!
2020-11-19 08:45:39,265 [Worker-17: Building] INFO  o.e.m.c.i.embedder.EclipseLogger - skip non existing resourceDirectory C:\Users\SophieGavrila\Desktop\HIBERNATE\hibernate-team-master\hibernate-trainer-examples\peter-hibernate\examples\HibernateSample\src\test\resources
2020-11-19 08:46:20,802 [Worker-15: Building] INFO  o.e.m.c.i.l.LifecycleMappingFactory - Using org.eclipse.m2e.jdt.JarLifecycleMapping lifecycle mapping for MavenProject: com.revature:HibernateExample:0.0.1-SNAPSHOT @ C:\Users\SophieGavrila\Desktop\HIBERNATE\hibernate-team-master\hibernate-trainer-examples\steven-hibernate\HibernateBankExample\pom.xml.
2020-11-19 08:46:20,924 [Worker-15: Building] WARN  o.e.m.c.i.embedder.EclipseLogger - Using platform encoding (Cp1252 actually) to copy filtered resources, i.e. build is platform dependent!
2020-11-19 08:46:20,924 [Worker-15: Building] INFO  o.e.m.c.i.embedder.EclipseLogger - Copying 2 resources
2020-11-19 08:46:20,931 [Worker-15: Building] WARN  o.e.m.c.i.embedder.EclipseLogger - Using platform encoding (Cp1252 actually) to copy filtered resources, i.e. build is platform dependent!
2020-11-19 08:46:20,931 [Worker-15: Building] INFO  o.e.m.c.i.embedder.EclipseLogger - skip non existing resourceDirectory C:\Users\SophieGavrila\Desktop\HIBERNATE\hibernate-team-master\hibernate-trainer-examples\steven-hibernate\HibernateBankExample\src\test\resources
2020-11-19 08:46:22,104 [Worker-17: Building] WARN  o.e.m.c.i.embedder.EclipseLogger - Using platform encoding (Cp1252 actually) to copy filtered resources, i.e. build is platform dependent!
2020-11-19 08:46:22,105 [Worker-17: Building] INFO  o.e.m.c.i.embedder.EclipseLogger - Copying 2 resources
2020-11-19 08:46:22,110 [Worker-17: Building] WARN  o.e.m.c.i.embedder.EclipseLogger - Using platform encoding (Cp1252 actually) to copy filtered resources, i.e. build is platform dependent!
2020-11-19 08:46:22,110 [Worker-17: Building] INFO  o.e.m.c.i.embedder.EclipseLogger - skip non existing resourceDirectory C:\Users\SophieGavrila\Desktop\HIBERNATE\hibernate-team-master\hibernate-trainer-examples\steven-hibernate\HibernateBankExample\src\test\resources
2020-11-19 08:49:46,814 [Worker-17: Building] INFO  o.e.m.c.i.l.LifecycleMappingFactory - Using org.eclipse.m2e.jdt.JarLifecycleMapping lifecycle mapping for MavenProject: com.revature:BankHibernate:0.0.1-SNAPSHOT @ C:\Users\SophieGavrila\Desktop\HIBERNATE\hibernate-team-master\hibernate-trainer-examples\steven-hibernate\HibernateBankExample\pom.xml.
2020-11-19 08:49:46,916 [Worker-17: Building] WARN  o.e.m.c.i.embedder.EclipseLogger - Using platform encoding (Cp1252 actually) to copy filtered resources, i.e. build is platform dependent!
2020-11-19 08:49:46,917 [Worker-17: Building] INFO  o.e.m.c.i.embedder.EclipseLogger - Copying 0 resource
2020-11-19 08:49:46,917 [Worker-17: Building] WARN  o.e.m.c.i.embedder.EclipseLogger - Using platform encoding (Cp1252 actually) to copy filtered resources, i.e. build is platform dependent!
2020-11-19 08:49:46,918 [Worker-17: Building] INFO  o.e.m.c.i.embedder.EclipseLogger - skip non existing resourceDirectory C:\Users\SophieGavrila\Desktop\HIBERNATE\hibernate-team-master\hibernate-trainer-examples\steven-hibernate\HibernateBankExample\src\test\resources
2020-11-19 08:50:09,422 [Worker-21: Building] INFO  o.e.m.c.i.l.LifecycleMappingFactory - Using org.eclipse.m2e.jdt.JarLifecycleMapping lifecycle mapping for MavenProject: com.revature:PokemonHibernate:0.0.1-SNAPSHOT @ C:\Users\SophieGavrila\Desktop\HIBERNATE\hibernate-team-master\hibernate-trainer-examples\peter-hibernate\examples\HibernateSample\pom.xml.
2020-11-19 08:50:09,424 [Worker-21: Building] WARN  o.e.m.c.i.embedder.EclipseLogger - The POM for com.oracle:ojdbc7:jar:12.1.0 is missing, no dependency information available
2020-11-19 08:50:09,523 [Worker-21: Building] WARN  o.e.m.c.i.embedder.EclipseLogger - Using platform encoding (Cp1252 actually) to copy filtered resources, i.e. build is platform dependent!
2020-11-19 08:50:09,524 [Worker-21: Building] INFO  o.e.m.c.i.embedder.EclipseLogger - Copying 0 resource
2020-11-19 08:50:09,525 [Worker-21: Building] WARN  o.e.m.c.i.embedder.EclipseLogger - Using platform encoding (Cp1252 actually) to copy filtered resources, i.e. build is platform dependent!
2020-11-19 08:50:09,525 [Worker-21: Building] INFO  o.e.m.c.i.embedder.EclipseLogger - skip non existing resourceDirectory C:\Users\SophieGavrila\Desktop\HIBERNATE\hibernate-team-master\hibernate-trainer-examples\peter-hibernate\examples\HibernateSample\src\test\resources
2020-11-19 08:50:24,320 [Worker-17: Updating Maven Project] INFO  o.e.m.c.i.p.ProjectConfigurationManager - Update started
2020-11-19 08:50:24,631 [Worker-17: Updating Maven Project] INFO  o.e.m.c.i.l.LifecycleMappingFactory - Using org.eclipse.m2e.jdt.JarLifecycleMapping lifecycle mapping for MavenProject: com.revature:BankHibernate:0.0.1-SNAPSHOT @ C:\Users\SophieGavrila\Desktop\HIBERNATE\hibernate-team-master\hibernate-trainer-examples\steven-hibernate\HibernateBankExample\pom.xml.
2020-11-19 08:50:24,683 [Worker-17: Updating Maven Project] INFO  o.e.m.c.i.l.LifecycleMappingFactory - Using org.eclipse.m2e.jdt.JarLifecycleMapping lifecycle mapping for MavenProject: com.revature:PokemonHibernate:0.0.1-SNAPSHOT @ C:\Users\SophieGavrila\Desktop\HIBERNATE\hibernate-team-master\hibernate-trainer-examples\peter-hibernate\examples\HibernateSample\pom.xml.
2020-11-19 08:50:24,684 [Worker-17: Updating Maven Project] WARN  o.e.m.c.i.embedder.EclipseLogger - The POM for com.oracle:ojdbc7:jar:12.1.0 is missing, no dependency information available
2020-11-19 08:50:24,845 [Worker-17: Updating Maven Project] INFO  o.e.m.j.i.AbstractJavaProjectConfigurator - Adding source folder /BankHibernate/src/main/java
2020-11-19 08:50:24,845 [Worker-17: Updating Maven Project] INFO  o.e.m.j.i.AbstractJavaProjectConfigurator - Adding resource folder /BankHibernate/src/main/resources
2020-11-19 08:50:24,846 [Worker-17: Updating Maven Project] INFO  o.e.m.j.i.AbstractJavaProjectConfigurator - Adding source folder /BankHibernate/src/test/java
2020-11-19 08:50:24,917 [Worker-17: Updating Maven Project] INFO  o.e.m.j.i.AbstractJavaProjectConfigurator - Adding source folder /PokemonHibernate/src/main/java
2020-11-19 08:50:24,918 [Worker-17: Updating Maven Project] INFO  o.e.m.j.i.AbstractJavaProjectConfigurator - Adding resource folder /PokemonHibernate/src/main/resources
2020-11-19 08:50:24,918 [Worker-17: Updating Maven Project] INFO  o.e.m.j.i.AbstractJavaProjectConfigurator - Adding source folder /PokemonHibernate/src/test/java
2020-11-19 08:50:25,061 [Worker-17: Updating Maven Project] INFO  o.e.m.c.i.p.ProjectConfigurationManager - Update completed: 0 sec
2020-11-19 08:50:25,276 [Worker-15: Building] WARN  o.e.m.c.i.embedder.EclipseLogger - Using platform encoding (Cp1252 actually) to copy filtered resources, i.e. build is platform dependent!
2020-11-19 08:50:25,278 [Worker-15: Building] INFO  o.e.m.c.i.embedder.EclipseLogger - Copying 2 resources
2020-11-19 08:50:25,288 [Worker-15: Building] WARN  o.e.m.c.i.embedder.EclipseLogger - Using platform encoding (Cp1252 actually) to copy filtered resources, i.e. build is platform dependent!
2020-11-19 08:50:25,289 [Worker-15: Building] INFO  o.e.m.c.i.embedder.EclipseLogger - skip non existing resourceDirectory C:\Users\SophieGavrila\Desktop\HIBERNATE\hibernate-team-master\hibernate-trainer-examples\steven-hibernate\HibernateBankExample\src\test\resources
2020-11-19 08:50:25,483 [Worker-15: Building] WARN  o.e.m.c.i.embedder.EclipseLogger - The POM for com.oracle:ojdbc7:jar:12.1.0 is missing, no dependency information available
2020-11-19 08:50:25,541 [Worker-15: Building] WARN  o.e.m.c.i.embedder.EclipseLogger - Using platform encoding (Cp1252 actually) to copy filtered resources, i.e. build is platform dependent!
2020-11-19 08:50:25,542 [Worker-15: Building] INFO  o.e.m.c.i.embedder.EclipseLogger - Copying 5 resources
2020-11-19 08:50:25,554 [Worker-15: Building] WARN  o.e.m.c.i.embedder.EclipseLogger - Using platform encoding (Cp1252 actually) to copy filtered resources, i.e. build is platform dependent!
2020-11-19 08:50:25,555 [Worker-15: Building] INFO  o.e.m.c.i.embedder.EclipseLogger - skip non existing resourceDirectory C:\Users\SophieGavrila\Desktop\HIBERNATE\hibernate-team-master\hibernate-trainer-examples\peter-hibernate\examples\HibernateSample\src\test\resources
2020-11-19 08:50:51,997 [Worker-15: Building] INFO  o.e.m.c.i.l.LifecycleMappingFactory - Using org.eclipse.m2e.jdt.JarLifecycleMapping lifecycle mapping for MavenProject: com.revature:PokemonHibernate:0.0.1-SNAPSHOT @ C:\Users\SophieGavrila\Desktop\HIBERNATE\hibernate-team-master\hibernate-trainer-examples\peter-hibernate\examples\HibernateSample\pom.xml.
2020-11-19 08:50:52,086 [Worker-15: Building] WARN  o.e.m.c.i.embedder.EclipseLogger - Using platform encoding (Cp1252 actually) to copy filtered resources, i.e. build is platform dependent!
2020-11-19 08:50:52,087 [Worker-15: Building] INFO  o.e.m.c.i.embedder.EclipseLogger - Copying 0 resource
2020-11-19 08:50:52,088 [Worker-15: Building] WARN  o.e.m.c.i.embedder.EclipseLogger - Using platform encoding (Cp1252 actually) to copy filtered resources, i.e. build is platform dependent!
2020-11-19 08:50:52,088 [Worker-15: Building] INFO  o.e.m.c.i.embedder.EclipseLogger - skip non existing resourceDirectory C:\Users\SophieGavrila\Desktop\HIBERNATE\hibernate-team-master\hibernate-trainer-examples\peter-hibernate\examples\HibernateSample\src\test\resources
2020-11-19 08:50:53,268 [Worker-17: Building] WARN  o.e.m.c.i.embedder.EclipseLogger - Using platform encoding (Cp1252 actually) to copy filtered resources, i.e. build is platform dependent!
2020-11-19 08:50:53,269 [Worker-17: Building] INFO  o.e.m.c.i.embedder.EclipseLogger - Copying 5 resources
2020-11-19 08:50:53,278 [Worker-17: Building] WARN  o.e.m.c.i.embedder.EclipseLogger - Using platform encoding (Cp1252 actually) to copy filtered resources, i.e. build is platform dependent!
2020-11-19 08:50:53,278 [Worker-17: Building] INFO  o.e.m.c.i.embedder.EclipseLogger - skip non existing resourceDirectory C:\Users\SophieGavrila\Desktop\HIBERNATE\hibernate-team-master\hibernate-trainer-examples\peter-hibernate\examples\HibernateSample\src\test\resources
2020-11-19 08:51:02,881 [Worker-17: Updating Maven Project] INFO  o.e.m.c.i.p.ProjectConfigurationManager - Update started
2020-11-19 08:51:03,162 [Worker-17: Updating Maven Project] INFO  o.e.m.c.i.l.LifecycleMappingFactory - Using org.eclipse.m2e.jdt.JarLifecycleMapping lifecycle mapping for MavenProject: com.revature:BankHibernate:0.0.1-SNAPSHOT @ C:\Users\SophieGavrila\Desktop\HIBERNATE\hibernate-team-master\hibernate-trainer-examples\steven-hibernate\HibernateBankExample\pom.xml.
2020-11-19 08:51:03,210 [Worker-17: Updating Maven Project] INFO  o.e.m.c.i.l.LifecycleMappingFactory - Using org.eclipse.m2e.jdt.JarLifecycleMapping lifecycle mapping for MavenProject: com.revature:PokemonHibernate:0.0.1-SNAPSHOT @ C:\Users\SophieGavrila\Desktop\HIBERNATE\hibernate-team-master\hibernate-trainer-examples\peter-hibernate\examples\HibernateSample\pom.xml.
2020-11-19 08:51:03,386 [Worker-17: Updating Maven Project] INFO  o.e.m.j.i.AbstractJavaProjectConfigurator - Adding source folder /BankHibernate/src/main/java
2020-11-19 08:51:03,386 [Worker-17: Updating Maven Project] INFO  o.e.m.j.i.AbstractJavaProjectConfigurator - Adding resource folder /BankHibernate/src/main/resources
2020-11-19 08:51:03,387 [Worker-17: Updating Maven Project] INFO  o.e.m.j.i.AbstractJavaProjectConfigurator - Adding source folder /BankHibernate/src/test/java
2020-11-19 08:51:03,440 [Worker-17: Updating Maven Project] INFO  o.e.m.j.i.AbstractJavaProjectConfigurator - Adding source folder /PokemonHibernate/src/main/java
2020-11-19 08:51:03,440 [Worker-17: Updating Maven Project] INFO  o.e.m.j.i.AbstractJavaProjectConfigurator - Adding resource folder /PokemonHibernate/src/main/resources
2020-11-19 08:51:03,440 [Worker-17: Updating Maven Project] INFO  o.e.m.j.i.AbstractJavaProjectConfigurator - Adding source folder /PokemonHibernate/src/test/java
2020-11-19 08:51:03,552 [Worker-17: Updating Maven Project] INFO  o.e.m.c.i.p.ProjectConfigurationManager - Update completed: 0 sec
2020-11-19 08:51:03,746 [Worker-25: Building] WARN  o.e.m.c.i.embedder.EclipseLogger - Using platform encoding (Cp1252 actually) to copy filtered resources, i.e. build is platform dependent!
2020-11-19 08:51:03,748 [Worker-25: Building] INFO  o.e.m.c.i.embedder.EclipseLogger - Copying 2 resources
2020-11-19 08:51:03,757 [Worker-25: Building] WARN  o.e.m.c.i.embedder.EclipseLogger - Using platform encoding (Cp1252 actually) to copy filtered resources, i.e. build is platform dependent!
2020-11-19 08:51:03,758 [Worker-25: Building] INFO  o.e.m.c.i.embedder.EclipseLogger - skip non existing resourceDirectory C:\Users\SophieGavrila\Desktop\HIBERNATE\hibernate-team-master\hibernate-trainer-examples\steven-hibernate\HibernateBankExample\src\test\resources
2020-11-19 08:51:03,985 [Worker-25: Building] WARN  o.e.m.c.i.embedder.EclipseLogger - Using platform encoding (Cp1252 actually) to copy filtered resources, i.e. build is platform dependent!
2020-11-19 08:51:03,986 [Worker-25: Building] INFO  o.e.m.c.i.embedder.EclipseLogger - Copying 5 resources
2020-11-19 08:51:03,999 [Worker-25: Building] WARN  o.e.m.c.i.embedder.EclipseLogger - Using platform encoding (Cp1252 actually) to copy filtered resources, i.e. build is platform dependent!
2020-11-19 08:51:04,000 [Worker-25: Building] INFO  o.e.m.c.i.embedder.EclipseLogger - skip non existing resourceDirectory C:\Users\SophieGavrila\Desktop\HIBERNATE\hibernate-team-master\hibernate-trainer-examples\peter-hibernate\examples\HibernateSample\src\test\resources
2020-11-19 08:51:51,808 [Worker-22: Building] WARN  o.e.m.c.i.embedder.EclipseLogger - Using platform encoding (Cp1252 actually) to copy filtered resources, i.e. build is platform dependent!
2020-11-19 08:51:51,811 [Worker-22: Building] INFO  o.e.m.c.i.embedder.EclipseLogger - Copying 2 resources
2020-11-19 08:51:51,812 [Worker-22: Building] WARN  o.e.m.c.i.embedder.EclipseLogger - Using platform encoding (Cp1252 actually) to copy filtered resources, i.e. build is platform dependent!
2020-11-19 08:51:51,813 [Worker-22: Building] INFO  o.e.m.c.i.embedder.EclipseLogger - skip non existing resourceDirectory C:\Users\SophieGavrila\Desktop\HIBERNATE\hibernate-team-master\hibernate-trainer-examples\steven-hibernate\HibernateBankExample\src\test\resources
2020-11-19 08:54:47,736 [Worker-34: Building] WARN  o.e.m.c.i.embedder.EclipseLogger - Using platform encoding (Cp1252 actually) to copy filtered resources, i.e. build is platform dependent!
2020-11-19 08:54:47,738 [Worker-34: Building] INFO  o.e.m.c.i.embedder.EclipseLogger - skip non existing resourceDirectory C:\Users\SophieGavrila\Desktop\HIBERNATE\hibernate-team-master\hibernate-trainer-examples\peter-hibernate\examples\HibernateSample\src\main\resources
2020-11-19 08:54:47,738 [Worker-34: Building] WARN  o.e.m.c.i.embedder.EclipseLogger - Using platform encoding (Cp1252 actually) to copy filtered resources, i.e. build is platform dependent!
2020-11-19 08:54:47,739 [Worker-34: Building] INFO  o.e.m.c.i.embedder.EclipseLogger - skip non existing resourceDirectory C:\Users\SophieGavrila\Desktop\HIBERNATE\hibernate-team-master\hibernate-trainer-examples\peter-hibernate\examples\HibernateSample\src\test\resources
2020-11-19 08:59:48,015 [Worker-41: Building] WARN  o.e.m.c.i.embedder.EclipseLogger - Using platform encoding (Cp1252 actually) to copy filtered resources, i.e. build is platform dependent!
2020-11-19 08:59:48,016 [Worker-41: Building] INFO  o.e.m.c.i.embedder.EclipseLogger - skip non existing resourceDirectory C:\Users\SophieGavrila\Desktop\HIBERNATE\hibernate-team-master\hibernate-trainer-examples\steven-hibernate\HibernateBankExample\src\main\resources
2020-11-19 08:59:48,017 [Worker-41: Building] WARN  o.e.m.c.i.embedder.EclipseLogger - Using platform encoding (Cp1252 actually) to copy filtered resources, i.e. build is platform dependent!
2020-11-19 08:59:48,018 [Worker-41: Building] INFO  o.e.m.c.i.embedder.EclipseLogger - skip non existing resourceDirectory C:\Users\SophieGavrila\Desktop\HIBERNATE\hibernate-team-master\hibernate-trainer-examples\steven-hibernate\HibernateBankExample\src\test\resources
2020-11-19 09:16:46,775 [Worker-48: Building] WARN  o.e.m.c.i.embedder.EclipseLogger - Using platform encoding (Cp1252 actually) to copy filtered resources, i.e. build is platform dependent!
2020-11-19 09:16:46,776 [Worker-48: Building] INFO  o.e.m.c.i.embedder.EclipseLogger - skip non existing resourceDirectory C:\Users\SophieGavrila\Desktop\HIBERNATE\hibernate-team-master\hibernate-trainer-examples\peter-hibernate\examples\HibernateSample\src\main\resources
2020-11-19 09:16:46,777 [Worker-48: Building] WARN  o.e.m.c.i.embedder.EclipseLogger - Using platform encoding (Cp1252 actually) to copy filtered resources, i.e. build is platform dependent!
2020-11-19 09:16:46,779 [Worker-48: Building] INFO  o.e.m.c.i.embedder.EclipseLogger - skip non existing resourceDirectory C:\Users\SophieGavrila\Desktop\HIBERNATE\hibernate-team-master\hibernate-trainer-examples\peter-hibernate\examples\HibernateSample\src\test\resources
